<?xml version="1.0" encoding="UTF-8"?>
<testsuite name="EncodingTest" tests="1" skipped="0" failures="0" errors="0" timestamp="2022-04-24T06:46:25" hostname="violet-HP-EliteBook-840-G3" time="0.041">
  <properties/>
  <testcase name="cipher()" classname="EncodingTest" time="0.041"/>
  <system-out><![CDATA[]]></system-out>
  <system-err><![CDATA[]]></system-err>
</testsuite>
